build/app/intermediates/manifest_merge_blame_file/release/manifest-merger-blame-release-report.txt
1<?xml version="1.0" encoding="utf-8"?>
2<manifest xmlns:android="http://schemas.android.com/apk/res/android"
3    package="com.redev.socialapp"
4    android:versionCode="1"
5    android:versionName="1.0.0" >
6
7    <uses-sdk
8        android:minSdkVersion="21"
8-->src\main\AndroidManifest.xml
9        android:targetSdkVersion="28" />
9-->src\main\AndroidManifest.xml
10
11    <uses-permission android:name="android.permission.READ_EXTERNAL_STORAGE" />
11-->[:image_picker] AndroidManifest.xml:7:5-80
11-->[:image_picker] AndroidManifest.xml:7:22-77
12    <uses-permission android:name="android.permission.WRITE_EXTERNAL_STORAGE" /> <!-- Required permission for App measurement to run. -->
12-->[:image_picker] AndroidManifest.xml:8:5-81
12-->[:image_picker] AndroidManifest.xml:8:22-78
13    <uses-permission android:name="android.permission.INTERNET" />
13-->[com.google.android.gms:play-services-measurement:17.4.1] AndroidManifest.xml:23:5-67
13-->[com.google.android.gms:play-services-measurement:17.4.1] AndroidManifest.xml:23:22-64
14    <uses-permission android:name="android.permission.ACCESS_NETWORK_STATE" />
14-->[com.google.android.gms:play-services-measurement:17.4.1] AndroidManifest.xml:24:5-79
14-->[com.google.android.gms:play-services-measurement:17.4.1] AndroidManifest.xml:24:22-76
15    <uses-permission android:name="android.permission.WAKE_LOCK" />
15-->[com.google.android.gms:play-services-measurement:17.4.1] AndroidManifest.xml:25:5-68
15-->[com.google.android.gms:play-services-measurement:17.4.1] AndroidManifest.xml:25:22-65
16    <uses-permission android:name="com.google.android.finsky.permission.BIND_GET_INSTALL_REFERRER_SERVICE" /> <!-- Required by older versions of Google Play services to create IID tokens -->
16-->[com.google.android.gms:play-services-measurement:17.4.1] AndroidManifest.xml:26:5-110
16-->[com.google.android.gms:play-services-measurement:17.4.1] AndroidManifest.xml:26:22-107
17    <uses-permission android:name="com.google.android.c2dm.permission.RECEIVE" />
17-->[com.google.firebase:firebase-iid:20.3.0] AndroidManifest.xml:26:5-82
17-->[com.google.firebase:firebase-iid:20.3.0] AndroidManifest.xml:26:22-79
18    <!--
19 io.flutter.app.FlutterApplication is an android.app.Application that
20         calls FlutterMain.startInitialization(this); in its onCreate method.
21         In most cases you can leave this as-is, but you if you want to provide
22         additional functionality it is fine to subclass or reimplement
23         FlutterApplication and put your custom class here.
24    -->
25    <application
25-->src\main\AndroidManifest.xml:9:5-64:19
26        android:name="io.flutter.app.FlutterApplication"
26-->src\main\AndroidManifest.xml:10:9-57
27        android:appComponentFactory="androidx.core.app.CoreComponentFactory"
27-->[androidx.core:core:1.3.1] AndroidManifest.xml:24:18-86
28        android:icon="@mipmap/ic_launcher"
28-->src\main\AndroidManifest.xml:12:5-39
29        android:label="socialapp" >
29-->src\main\AndroidManifest.xml:11:5-30
30        <activity
30-->src\main\AndroidManifest.xml:13:9-47:20
31            android:name="com.redev.socialapp.MainActivity"
31-->src\main\AndroidManifest.xml:14:13-41
32            android:configChanges="orientation|keyboardHidden|keyboard|screenSize|smallestScreenSize|locale|layoutDirection|fontScale|screenLayout|density|uiMode"
32-->src\main\AndroidManifest.xml:17:13-163
33            android:hardwareAccelerated="true"
33-->src\main\AndroidManifest.xml:18:13-47
34            android:launchMode="singleTop"
34-->src\main\AndroidManifest.xml:15:13-43
35            android:theme="@style/LaunchTheme"
35-->src\main\AndroidManifest.xml:16:13-47
36            android:windowSoftInputMode="adjustResize" >
36-->src\main\AndroidManifest.xml:19:13-55
37
38            <!--
39                 Specifies an Android theme to apply to this Activity as soon as
40                 the Android process has started. This theme is visible to the user
41                 while the Flutter UI initializes. After that, this theme continues
42                 to determine the Window background behind the Flutter UI.
43            -->
44            <meta-data
44-->src\main\AndroidManifest.xml:24:13-27:17
45                android:name="io.flutter.embedding.android.NormalTheme"
45-->src\main\AndroidManifest.xml:25:15-70
46                android:resource="@style/NormalTheme" />
46-->src\main\AndroidManifest.xml:26:15-52
47            <!--
48                 Displays an Android View that continues showing the launch screen
49                 Drawable until Flutter paints its first frame, then this splash
50                 screen fades out. A splash screen is useful to avoid any visual
51                 gap between the end of Android's launch screen and the painting of
52                 Flutter's first frame.
53            -->
54            <meta-data
54-->src\main\AndroidManifest.xml:33:13-36:17
55                android:name="io.flutter.embedding.android.SplashScreenDrawable"
55-->src\main\AndroidManifest.xml:34:15-79
56                android:resource="@drawable/launch_background" />
56-->src\main\AndroidManifest.xml:35:15-61
57
58            <intent-filter>
58-->src\main\AndroidManifest.xml:37:13-40:29
59                <action android:name="android.intent.action.MAIN" />
59-->src\main\AndroidManifest.xml:38:17-68
59-->src\main\AndroidManifest.xml:38:25-66
60
61                <category android:name="android.intent.category.LAUNCHER" />
61-->src\main\AndroidManifest.xml:39:17-76
61-->src\main\AndroidManifest.xml:39:27-74
62            </intent-filter>
63            <intent-filter>
63-->src\main\AndroidManifest.xml:42:15-45:30
64                <action android:name="FLUTTER_NOTIFICATION_CLICK" />
64-->src\main\AndroidManifest.xml:43:14-66
64-->src\main\AndroidManifest.xml:43:22-63
65
66                <category android:name="android.intent.category.DEFAULT" />
66-->src\main\AndroidManifest.xml:44:17-76
66-->src\main\AndroidManifest.xml:44:27-73
67            </intent-filter>
68        </activity>
69        <!--
70             Don't delete the meta-data below.
71             This is used by the Flutter tool to generate GeneratedPluginRegistrant.java
72        -->
73        <meta-data
73-->src\main\AndroidManifest.xml:50:9-52:33
74            android:name="flutterEmbedding"
74-->src\main\AndroidManifest.xml:51:13-44
75            android:value="2" />
75-->src\main\AndroidManifest.xml:52:13-30
76        <meta-data
76-->src\main\AndroidManifest.xml:53:13-55:62
77            android:name="com.google.firebase.messaging.default_notification_channel_id"
77-->src\main\AndroidManifest.xml:54:5-81
78            android:value="@string/default_notification_channel_id" />
78-->src\main\AndroidManifest.xml:55:5-60
79
80        <receiver android:name="com.redev.socialapp.ScheduledNotificationReceiver" />
80-->src\main\AndroidManifest.xml:57:14-91
80-->src\main\AndroidManifest.xml:57:24-88
81        <receiver android:name="com.redev.socialapp.ScheduledNotificationBootReceiver" >
81-->src\main\AndroidManifest.xml:58:16-63:20
81-->src\main\AndroidManifest.xml:58:26-94
82            <intent-filter>
82-->src\main\AndroidManifest.xml:59:13-62:29
83                <action android:name="android.intent.action.BOOT_COMPLETED" >
83-->src\main\AndroidManifest.xml:60:17-61:26
83-->src\main\AndroidManifest.xml:60:25-76
84                </action>
85            </intent-filter>
86        </receiver>
87
88        <service
88-->[:firebase_storage] AndroidManifest.xml:8:9-12:19
89            android:name="com.google.firebase.components.ComponentDiscoveryService"
89-->[:firebase_storage] AndroidManifest.xml:8:18-89
90            android:directBootAware="true"
90-->[com.google.firebase:firebase-common:19.3.0] AndroidManifest.xml:34:13-43
91            android:exported="false" >
91-->[com.google.firebase:firebase-messaging:20.3.0] AndroidManifest.xml:38:13-37
92            <meta-data
92-->[:firebase_storage] AndroidManifest.xml:9:13-11:85
93                android:name="com.google.firebase.components:io.flutter.plugins.firebase.storage.FlutterFirebaseAppRegistrar"
93-->[:firebase_storage] AndroidManifest.xml:10:17-126
94                android:value="com.google.firebase.components.ComponentRegistrar" />
94-->[:firebase_storage] AndroidManifest.xml:11:17-82
95            <meta-data
95-->[:firebase_messaging] AndroidManifest.xml:14:13-16:85
96                android:name="com.google.firebase.components:io.flutter.plugins.firebasemessaging.FlutterFirebaseAppRegistrar"
96-->[:firebase_messaging] AndroidManifest.xml:15:17-127
97                android:value="com.google.firebase.components.ComponentRegistrar" />
97-->[:firebase_messaging] AndroidManifest.xml:16:17-82
98            <meta-data
98-->[:cloud_firestore] AndroidManifest.xml:9:13-11:85
99                android:name="com.google.firebase.components:io.flutter.plugins.firebase.firestore.FlutterFirebaseFirestoreRegistrar"
99-->[:cloud_firestore] AndroidManifest.xml:10:17-134
100                android:value="com.google.firebase.components.ComponentRegistrar" />
100-->[:cloud_firestore] AndroidManifest.xml:11:17-82
101            <meta-data
101-->[:firebase_auth] AndroidManifest.xml:9:13-11:85
102                android:name="com.google.firebase.components:io.flutter.plugins.firebase.auth.FlutterFirebaseAuthRegistrar"
102-->[:firebase_auth] AndroidManifest.xml:10:17-124
103                android:value="com.google.firebase.components.ComponentRegistrar" />
103-->[:firebase_auth] AndroidManifest.xml:11:17-82
104            <meta-data
104-->[:firebase_core] AndroidManifest.xml:9:13-11:85
105                android:name="com.google.firebase.components:io.flutter.plugins.firebase.core.FlutterFirebaseCoreRegistrar"
105-->[:firebase_core] AndroidManifest.xml:10:17-124
106                android:value="com.google.firebase.components.ComponentRegistrar" />
106-->[:firebase_core] AndroidManifest.xml:11:17-82
107            <meta-data
107-->[com.google.firebase:firebase-messaging:20.3.0] AndroidManifest.xml:39:13-41:85
108                android:name="com.google.firebase.components:com.google.firebase.messaging.FirebaseMessagingRegistrar"
108-->[com.google.firebase:firebase-messaging:20.3.0] AndroidManifest.xml:40:17-119
109                android:value="com.google.firebase.components.ComponentRegistrar" />
109-->[com.google.firebase:firebase-messaging:20.3.0] AndroidManifest.xml:41:17-82
110            <meta-data
110-->[com.google.android.gms:play-services-measurement-api:17.4.1] AndroidManifest.xml:30:13-32:85
111                android:name="com.google.firebase.components:com.google.firebase.analytics.connector.internal.AnalyticsConnectorRegistrar"
111-->[com.google.android.gms:play-services-measurement-api:17.4.1] AndroidManifest.xml:31:17-139
112                android:value="com.google.firebase.components.ComponentRegistrar" />
112-->[com.google.android.gms:play-services-measurement-api:17.4.1] AndroidManifest.xml:32:17-82
113            <meta-data
113-->[com.google.firebase:firebase-iid:20.3.0] AndroidManifest.xml:32:13-34:85
114                android:name="com.google.firebase.components:com.google.firebase.iid.Registrar"
114-->[com.google.firebase:firebase-iid:20.3.0] AndroidManifest.xml:33:17-96
115                android:value="com.google.firebase.components.ComponentRegistrar" />
115-->[com.google.firebase:firebase-iid:20.3.0] AndroidManifest.xml:34:17-82
116            <meta-data
116-->[com.google.firebase:firebase-datatransport:17.0.3] AndroidManifest.xml:28:13-30:85
117                android:name="com.google.firebase.components:com.google.firebase.datatransport.TransportRegistrar"
117-->[com.google.firebase:firebase-datatransport:17.0.3] AndroidManifest.xml:29:17-115
118                android:value="com.google.firebase.components.ComponentRegistrar" />
118-->[com.google.firebase:firebase-datatransport:17.0.3] AndroidManifest.xml:30:17-82
119            <meta-data
119-->[com.google.firebase:firebase-installations:16.3.3] AndroidManifest.xml:17:13-19:85
120                android:name="com.google.firebase.components:com.google.firebase.installations.FirebaseInstallationsRegistrar"
120-->[com.google.firebase:firebase-installations:16.3.3] AndroidManifest.xml:18:17-127
121                android:value="com.google.firebase.components.ComponentRegistrar" />
121-->[com.google.firebase:firebase-installations:16.3.3] AndroidManifest.xml:19:17-82
122            <meta-data
122-->[com.google.firebase:firebase-auth:19.3.1] AndroidManifest.xml:36:13-38:85
123                android:name="com.google.firebase.components:com.google.firebase.auth.FirebaseAuthRegistrar"
123-->[com.google.firebase:firebase-auth:19.3.1] AndroidManifest.xml:37:17-109
124                android:value="com.google.firebase.components.ComponentRegistrar" />
124-->[com.google.firebase:firebase-auth:19.3.1] AndroidManifest.xml:38:17-82
125            <meta-data
125-->[com.google.firebase:firebase-storage:19.1.1] AndroidManifest.xml:33:13-35:85
126                android:name="com.google.firebase.components:com.google.firebase.storage.StorageRegistrar"
126-->[com.google.firebase:firebase-storage:19.1.1] AndroidManifest.xml:34:17-107
127                android:value="com.google.firebase.components.ComponentRegistrar" />
127-->[com.google.firebase:firebase-storage:19.1.1] AndroidManifest.xml:35:17-82
128            <meta-data
128-->[com.google.firebase:firebase-firestore:21.4.3] AndroidManifest.xml:20:13-22:85
129                android:name="com.google.firebase.components:com.google.firebase.firestore.FirestoreRegistrar"
129-->[com.google.firebase:firebase-firestore:21.4.3] AndroidManifest.xml:21:17-111
130                android:value="com.google.firebase.components.ComponentRegistrar" />
130-->[com.google.firebase:firebase-firestore:21.4.3] AndroidManifest.xml:22:17-82
131        </service>
132        <service android:name="io.flutter.plugins.firebasemessaging.FlutterFirebaseMessagingService" >
132-->[:firebase_messaging] AndroidManifest.xml:8:9-12:19
132-->[:firebase_messaging] AndroidManifest.xml:8:18-101
133            <intent-filter>
133-->[:firebase_messaging] AndroidManifest.xml:9:13-11:29
134                <action android:name="com.google.firebase.MESSAGING_EVENT" />
134-->[:firebase_messaging] AndroidManifest.xml:10:17-78
134-->[:firebase_messaging] AndroidManifest.xml:10:25-75
135            </intent-filter>
136        </service>
137        <!--
138             FirebaseMessagingService performs security checks at runtime,
139             but set to not exported to explicitly avoid allowing another app to call it.
140        -->
141        <service
141-->[com.google.firebase:firebase-messaging:20.3.0] AndroidManifest.xml:28:9-35:19
142            android:name="com.google.firebase.messaging.FirebaseMessagingService"
142-->[com.google.firebase:firebase-messaging:20.3.0] AndroidManifest.xml:29:13-82
143            android:directBootAware="true"
143-->[com.google.firebase:firebase-messaging:20.3.0] AndroidManifest.xml:30:13-43
144            android:exported="false" >
144-->[com.google.firebase:firebase-messaging:20.3.0] AndroidManifest.xml:31:13-37
145            <intent-filter android:priority="-500" >
145-->[:firebase_messaging] AndroidManifest.xml:9:13-11:29
146                <action android:name="com.google.firebase.MESSAGING_EVENT" />
146-->[:firebase_messaging] AndroidManifest.xml:10:17-78
146-->[:firebase_messaging] AndroidManifest.xml:10:25-75
147            </intent-filter>
148        </service>
149
150        <provider
150-->[:image_picker] AndroidManifest.xml:11:9-19:20
151            android:name="io.flutter.plugins.imagepicker.ImagePickerFileProvider"
151-->[:image_picker] AndroidManifest.xml:12:13-82
152            android:authorities="com.redev.socialapp.flutter.image_provider"
152-->[:image_picker] AndroidManifest.xml:13:13-74
153            android:exported="false"
153-->[:image_picker] AndroidManifest.xml:14:13-37
154            android:grantUriPermissions="true" >
154-->[:image_picker] AndroidManifest.xml:15:13-47
155            <meta-data
155-->[:image_picker] AndroidManifest.xml:16:13-18:75
156                android:name="android.support.FILE_PROVIDER_PATHS"
156-->[:image_picker] AndroidManifest.xml:17:17-67
157                android:resource="@xml/flutter_image_picker_file_paths" />
157-->[:image_picker] AndroidManifest.xml:18:17-72
158        </provider>
159        <provider
159-->[:share] AndroidManifest.xml:8:9-16:20
160            android:name="io.flutter.plugins.share.ShareFileProvider"
160-->[:share] AndroidManifest.xml:9:13-70
161            android:authorities="com.redev.socialapp.flutter.share_provider"
161-->[:share] AndroidManifest.xml:10:13-74
162            android:exported="false"
162-->[:share] AndroidManifest.xml:11:13-37
163            android:grantUriPermissions="true" >
163-->[:share] AndroidManifest.xml:12:13-47
164            <meta-data
164-->[:image_picker] AndroidManifest.xml:16:13-18:75
165                android:name="android.support.FILE_PROVIDER_PATHS"
165-->[:image_picker] AndroidManifest.xml:17:17-67
166                android:resource="@xml/flutter_share_file_paths" />
166-->[:image_picker] AndroidManifest.xml:18:17-72
167        </provider>
168
169        <receiver
169-->[com.google.android.gms:play-services-measurement:17.4.1] AndroidManifest.xml:29:9-33:20
170            android:name="com.google.android.gms.measurement.AppMeasurementReceiver"
170-->[com.google.android.gms:play-services-measurement:17.4.1] AndroidManifest.xml:30:13-85
171            android:enabled="true"
171-->[com.google.android.gms:play-services-measurement:17.4.1] AndroidManifest.xml:31:13-35
172            android:exported="false" >
172-->[com.google.android.gms:play-services-measurement:17.4.1] AndroidManifest.xml:32:13-37
173        </receiver>
174
175        <service
175-->[com.google.android.gms:play-services-measurement:17.4.1] AndroidManifest.xml:35:9-38:40
176            android:name="com.google.android.gms.measurement.AppMeasurementService"
176-->[com.google.android.gms:play-services-measurement:17.4.1] AndroidManifest.xml:36:13-84
177            android:enabled="true"
177-->[com.google.android.gms:play-services-measurement:17.4.1] AndroidManifest.xml:37:13-35
178            android:exported="false" />
178-->[com.google.android.gms:play-services-measurement:17.4.1] AndroidManifest.xml:38:13-37
179        <service
179-->[com.google.android.gms:play-services-measurement:17.4.1] AndroidManifest.xml:39:9-43:72
180            android:name="com.google.android.gms.measurement.AppMeasurementJobService"
180-->[com.google.android.gms:play-services-measurement:17.4.1] AndroidManifest.xml:40:13-87
181            android:enabled="true"
181-->[com.google.android.gms:play-services-measurement:17.4.1] AndroidManifest.xml:41:13-35
182            android:exported="false"
182-->[com.google.android.gms:play-services-measurement:17.4.1] AndroidManifest.xml:42:13-37
183            android:permission="android.permission.BIND_JOB_SERVICE" />
183-->[com.google.android.gms:play-services-measurement:17.4.1] AndroidManifest.xml:43:13-69
184
185        <receiver
185-->[com.google.firebase:firebase-iid:20.3.0] AndroidManifest.xml:37:9-44:20
186            android:name="com.google.firebase.iid.FirebaseInstanceIdReceiver"
186-->[com.google.firebase:firebase-iid:20.3.0] AndroidManifest.xml:38:13-78
187            android:exported="true"
187-->[com.google.firebase:firebase-iid:20.3.0] AndroidManifest.xml:39:13-36
188            android:permission="com.google.android.c2dm.permission.SEND" >
188-->[com.google.firebase:firebase-iid:20.3.0] AndroidManifest.xml:40:13-73
189            <intent-filter>
189-->[com.google.firebase:firebase-iid:20.3.0] AndroidManifest.xml:41:13-43:29
190                <action android:name="com.google.android.c2dm.intent.RECEIVE" />
190-->[com.google.firebase:firebase-iid:20.3.0] AndroidManifest.xml:42:17-81
190-->[com.google.firebase:firebase-iid:20.3.0] AndroidManifest.xml:42:25-78
191            </intent-filter>
192        </receiver>
193
194        <activity
194-->[com.google.firebase:firebase-auth:19.3.1] AndroidManifest.xml:24:9-31:50
195            android:name="com.google.firebase.auth.internal.FederatedSignInActivity"
195-->[com.google.firebase:firebase-auth:19.3.1] AndroidManifest.xml:25:13-85
196            android:excludeFromRecents="true"
196-->[com.google.firebase:firebase-auth:19.3.1] AndroidManifest.xml:26:13-46
197            android:exported="true"
197-->[com.google.firebase:firebase-auth:19.3.1] AndroidManifest.xml:27:13-36
198            android:launchMode="singleTask"
198-->[com.google.firebase:firebase-auth:19.3.1] AndroidManifest.xml:28:13-44
199            android:permission="com.google.firebase.auth.api.gms.permission.LAUNCH_FEDERATED_SIGN_IN"
199-->[com.google.firebase:firebase-auth:19.3.1] AndroidManifest.xml:29:13-102
200            android:theme="@android:style/Theme.Translucent.NoTitleBar" />
200-->[com.google.firebase:firebase-auth:19.3.1] AndroidManifest.xml:30:13-72
201
202        <provider
202-->[com.google.firebase:firebase-common:19.3.0] AndroidManifest.xml:26:9-30:39
203            android:name="com.google.firebase.provider.FirebaseInitProvider"
203-->[com.google.firebase:firebase-common:19.3.0] AndroidManifest.xml:27:13-77
204            android:authorities="com.redev.socialapp.firebaseinitprovider"
204-->[com.google.firebase:firebase-common:19.3.0] AndroidManifest.xml:28:13-72
205            android:exported="false"
205-->[com.google.firebase:firebase-common:19.3.0] AndroidManifest.xml:29:13-37
206            android:initOrder="100" />
206-->[com.google.firebase:firebase-common:19.3.0] AndroidManifest.xml:30:13-36
207
208        <activity
208-->[com.google.android.gms:play-services-base:17.1.0] AndroidManifest.xml:23:9-26:75
209            android:name="com.google.android.gms.common.api.GoogleApiActivity"
209-->[com.google.android.gms:play-services-base:17.1.0] AndroidManifest.xml:24:13-79
210            android:exported="false"
210-->[com.google.android.gms:play-services-base:17.1.0] AndroidManifest.xml:25:13-37
211            android:theme="@android:style/Theme.Translucent.NoTitleBar" />
211-->[com.google.android.gms:play-services-base:17.1.0] AndroidManifest.xml:26:13-72
212
213        <meta-data
213-->[com.google.android.gms:play-services-basement:17.0.0] AndroidManifest.xml:23:9-25:69
214            android:name="com.google.android.gms.version"
214-->[com.google.android.gms:play-services-basement:17.0.0] AndroidManifest.xml:24:13-58
215            android:value="@integer/google_play_services_version" />
215-->[com.google.android.gms:play-services-basement:17.0.0] AndroidManifest.xml:25:13-66
216
217        <service
217-->[com.google.android.datatransport:transport-backend-cct:2.2.0] AndroidManifest.xml:29:9-35:19
218            android:name="com.google.android.datatransport.runtime.backends.TransportBackendDiscovery"
218-->[com.google.android.datatransport:transport-backend-cct:2.2.0] AndroidManifest.xml:30:13-103
219            android:exported="false" >
219-->[com.google.android.datatransport:transport-backend-cct:2.2.0] AndroidManifest.xml:31:13-37
220            <meta-data
220-->[com.google.android.datatransport:transport-backend-cct:2.2.0] AndroidManifest.xml:32:13-34:39
221                android:name="backend:com.google.android.datatransport.cct.CctBackendFactory"
221-->[com.google.android.datatransport:transport-backend-cct:2.2.0] AndroidManifest.xml:33:17-94
222                android:value="cct" />
222-->[com.google.android.datatransport:transport-backend-cct:2.2.0] AndroidManifest.xml:34:17-36
223        </service>
224        <service
224-->[com.google.android.datatransport:transport-runtime:2.2.0] AndroidManifest.xml:26:9-30:19
225            android:name="com.google.android.datatransport.runtime.scheduling.jobscheduling.JobInfoSchedulerService"
225-->[com.google.android.datatransport:transport-runtime:2.2.0] AndroidManifest.xml:27:13-117
226            android:exported="false"
226-->[com.google.android.datatransport:transport-runtime:2.2.0] AndroidManifest.xml:28:13-37
227            android:permission="android.permission.BIND_JOB_SERVICE" >
227-->[com.google.android.datatransport:transport-runtime:2.2.0] AndroidManifest.xml:29:13-69
228        </service>
229
230        <receiver
230-->[com.google.android.datatransport:transport-runtime:2.2.0] AndroidManifest.xml:32:9-34:40
231            android:name="com.google.android.datatransport.runtime.scheduling.jobscheduling.AlarmManagerSchedulerBroadcastReceiver"
231-->[com.google.android.datatransport:transport-runtime:2.2.0] AndroidManifest.xml:33:13-132
232            android:exported="false" />
232-->[com.google.android.datatransport:transport-runtime:2.2.0] AndroidManifest.xml:34:13-37
233    </application>
234
235</manifest>